[2016-02-01 20:02:09.667] [INFO] /Users/pz/Documents/nodejs/express/c2/app.js - 载入入口依赖库完成..
[2016-02-01 20:02:09.693] [INFO] /Users/pz/Documents/nodejs/express/c2/app.js - 配置中静态目录信息载入完毕..
[2016-02-01 20:02:09.704] [INFO] /Users/pz/Documents/nodejs/express/c2/core/utils/controller/controllerEnter.js - 方法:get 路径:/user/show
[2016-02-01 20:02:09.706] [INFO] /Users/pz/Documents/nodejs/express/c2/core/utils/controller/controllerEnter.js - 方法:get 路径:/show
[2016-02-01 20:02:09.707] [INFO] /Users/pz/Documents/nodejs/express/c2/core/utils/controller/controllerEnter.js - 方法:post 路径:/uploads
[2016-02-01 20:02:09.708] [INFO] /Users/pz/Documents/nodejs/express/c2/core/utils/controller/controllerEnter.js - 方法:get 路径:/cm/list
[2016-02-01 20:02:09.710] [INFO] /Users/pz/Documents/nodejs/express/c2/core/utils/controller/controllerEnter.js - 方法:post 路径:/test/fun1
[2016-02-01 20:02:09.710] [INFO] /Users/pz/Documents/nodejs/express/c2/core/utils/controller/controllerEnter.js - 方法:get 路径:/test/fun2
[2016-02-01 20:02:09.710] [INFO] /Users/pz/Documents/nodejs/express/c2/app.js - 载入/controllers 下控制器 完成..
[2016-02-01 20:02:09.721] [INFO] /Users/pz/Documents/nodejs/express/c2/app.js - Web 服务器启动监听  端口3001 启动时间:235 ms
[2016-02-01 20:02:09.731] [INFO] /Users/pz/Documents/nodejs/express/c2/core/utils/pool/redis/redisPool.js - 连接Redis 数据库 0 成功 ,配置 {"SERVER":"127.0.0.1","PORT":"6379","PASSWORD":"","POOLSIZE":10,"DB":0,"TTL":11}
[2016-02-01 20:02:09.734] [INFO] /Users/pz/Documents/nodejs/express/c2/core/utils/pool/mysql/mysqlPool.js - show tables
[2016-02-01 20:02:09.739] [INFO] /Users/pz/Documents/nodejs/express/c2/app.js - MYSQL 连接成功
[2016-02-01 20:02:14.850] [INFO] /Users/pz/Documents/nodejs/express/c2/core/utils/pool/mysql/mysqlPool.js - SELECT * FROM content ORDER BY id DESC
[2016-02-01 20:02:14.862] [INFO] normal - GET /cm/list
[2016-02-01 20:02:14.887] [INFO] normal - GET /favicon.ico
[2016-02-01 20:02:16.736] [INFO] /Users/pz/Documents/nodejs/express/c2/core/utils/pool/mysql/mysqlPool.js - SELECT * FROM content ORDER BY id DESC
[2016-02-01 20:02:16.741] [INFO] normal - GET /cm/list
[2016-02-01 20:02:16.755] [INFO] normal - GET /favicon.ico
[2016-02-01 20:02:17.276] [INFO] /Users/pz/Documents/nodejs/express/c2/core/utils/pool/mysql/mysqlPool.js - SELECT * FROM content ORDER BY id DESC
[2016-02-01 20:02:17.278] [INFO] normal - GET /cm/list
[2016-02-01 20:02:17.297] [INFO] normal - GET /favicon.ico
[2016-02-01 20:02:17.664] [INFO] /Users/pz/Documents/nodejs/express/c2/core/utils/pool/mysql/mysqlPool.js - SELECT * FROM content ORDER BY id DESC
[2016-02-01 20:02:17.668] [INFO] normal - GET /cm/list
[2016-02-01 20:02:17.685] [INFO] normal - GET /favicon.ico
[2016-02-01 20:02:17.875] [INFO] /Users/pz/Documents/nodejs/express/c2/core/utils/pool/mysql/mysqlPool.js - SELECT * FROM content ORDER BY id DESC
[2016-02-01 20:02:17.878] [INFO] normal - GET /cm/list
[2016-02-01 20:02:17.898] [INFO] normal - GET /favicon.ico
[2016-02-01 20:02:18.248] [INFO] /Users/pz/Documents/nodejs/express/c2/core/utils/pool/mysql/mysqlPool.js - SELECT * FROM content ORDER BY id DESC
[2016-02-01 20:02:18.249] [INFO] normal - GET /cm/list
[2016-02-01 20:02:18.266] [INFO] normal - GET /favicon.ico
[2016-02-01 20:02:18.427] [INFO] /Users/pz/Documents/nodejs/express/c2/core/utils/pool/mysql/mysqlPool.js - SELECT * FROM content ORDER BY id DESC
[2016-02-01 20:02:18.428] [INFO] normal - GET /cm/list
[2016-02-01 20:02:18.447] [INFO] normal - GET /favicon.ico
[2016-02-01 20:02:18.613] [INFO] /Users/pz/Documents/nodejs/express/c2/core/utils/pool/mysql/mysqlPool.js - SELECT * FROM content ORDER BY id DESC
[2016-02-01 20:02:18.614] [INFO] normal - GET /cm/list
[2016-02-01 20:02:18.632] [INFO] normal - GET /favicon.ico
[2016-02-01 20:03:14.929] [INFO] /Users/pz/Documents/nodejs/express/c2/core/utils/pool/mysql/mysqlPool.js - SELECT * FROM content ORDER BY id DESC
[2016-02-01 20:03:14.932] [INFO] normal - GET /cm/list
[2016-02-01 20:03:14.951] [INFO] normal - GET /favicon.ico
[2016-02-01 20:17:31.199] [INFO] /Users/pz/Documents/nodejs/express/c2/core/utils/pool/mysql/mysqlPool.js - SELECT * FROM content ORDER BY id DESC
[2016-02-01 20:17:31.202] [INFO] normal - GET /cm/list
[2016-02-01 20:17:31.222] [INFO] normal - GET /favicon.ico
[2016-02-01 20:18:02.109] [INFO] /Users/pz/Documents/nodejs/express/c2/core/utils/pool/mysql/mysqlPool.js - SELECT * FROM content ORDER BY id DESC
[2016-02-01 20:18:02.119] [INFO] normal - GET /cm/list
[2016-02-01 20:18:02.138] [INFO] normal - GET /favicon.ico
[2016-02-01 20:30:23.488] [INFO] /Users/pz/Documents/nodejs/express/c2/core/utils/pool/mysql/mysqlPool.js - SELECT * FROM content ORDER BY id DESC
[2016-02-01 20:30:23.491] [INFO] normal - GET /cm/list
[2016-02-01 20:30:23.570] [INFO] normal - GET /favicon.ico
[2016-02-01 20:30:26.233] [INFO] /Users/pz/Documents/nodejs/express/c2/app.js - 载入入口依赖库完成..
[2016-02-01 20:30:26.314] [INFO] /Users/pz/Documents/nodejs/express/c2/app.js - 配置中静态目录信息载入完毕..
[2016-02-01 20:30:26.364] [INFO] /Users/pz/Documents/nodejs/express/c2/core/utils/controller/controllerEnter.js - 方法:get 路径:/user/show
[2016-02-01 20:30:26.365] [INFO] /Users/pz/Documents/nodejs/express/c2/core/utils/controller/controllerEnter.js - 方法:get 路径:/show
[2016-02-01 20:30:26.365] [INFO] /Users/pz/Documents/nodejs/express/c2/core/utils/controller/controllerEnter.js - 方法:post 路径:/uploads
[2016-02-01 20:30:26.366] [INFO] /Users/pz/Documents/nodejs/express/c2/core/utils/controller/controllerEnter.js - 方法:get 路径:/cm/list
[2016-02-01 20:30:26.368] [INFO] /Users/pz/Documents/nodejs/express/c2/core/utils/controller/controllerEnter.js - 方法:post 路径:/test/fun1
[2016-02-01 20:30:26.368] [INFO] /Users/pz/Documents/nodejs/express/c2/core/utils/controller/controllerEnter.js - 方法:get 路径:/test/fun2
[2016-02-01 20:30:26.369] [INFO] /Users/pz/Documents/nodejs/express/c2/app.js - 载入/controllers 下控制器 完成..
[2016-02-01 20:30:26.378] [INFO] /Users/pz/Documents/nodejs/express/c2/app.js - Web 服务器启动监听  端口3001 启动时间:637 ms
[2016-02-01 20:30:26.393] [INFO] /Users/pz/Documents/nodejs/express/c2/core/utils/pool/redis/redisPool.js - 连接Redis 数据库 0 成功 ,配置 {"SERVER":"127.0.0.1","PORT":"6379","PASSWORD":"","POOLSIZE":10,"DB":0,"TTL":11}
[2016-02-01 20:30:26.394] [INFO] /Users/pz/Documents/nodejs/express/c2/core/utils/pool/mysql/mysqlPool.js - show tables
[2016-02-01 20:30:26.401] [INFO] /Users/pz/Documents/nodejs/express/c2/app.js - MYSQL 连接成功
[2016-02-01 20:30:27.507] [INFO] /Users/pz/Documents/nodejs/express/c2/core/utils/pool/mysql/mysqlPool.js - SELECT * FROM content ORDER BY id DESC
[2016-02-01 20:30:27.526] [INFO] normal - GET /cm/list
[2016-02-01 20:30:27.559] [INFO] normal - GET /favicon.ico
[2016-02-01 20:32:14.588] [INFO] /Users/pz/Documents/nodejs/express/c2/app.js - 载入入口依赖库完成..
[2016-02-01 20:32:14.613] [INFO] /Users/pz/Documents/nodejs/express/c2/app.js - 配置中静态目录信息载入完毕..
[2016-02-01 20:32:14.625] [INFO] /Users/pz/Documents/nodejs/express/c2/core/utils/controller/controllerEnter.js - 方法:get 路径:/user/show
[2016-02-01 20:32:14.628] [INFO] /Users/pz/Documents/nodejs/express/c2/core/utils/controller/controllerEnter.js - 方法:get 路径:/show
[2016-02-01 20:32:14.629] [INFO] /Users/pz/Documents/nodejs/express/c2/core/utils/controller/controllerEnter.js - 方法:post 路径:/uploads
[2016-02-01 20:32:14.630] [INFO] /Users/pz/Documents/nodejs/express/c2/core/utils/controller/controllerEnter.js - 方法:get 路径:/cm/list
[2016-02-01 20:32:14.631] [INFO] /Users/pz/Documents/nodejs/express/c2/core/utils/controller/controllerEnter.js - 方法:post 路径:/test/fun1
[2016-02-01 20:32:14.631] [INFO] /Users/pz/Documents/nodejs/express/c2/core/utils/controller/controllerEnter.js - 方法:get 路径:/test/fun2
[2016-02-01 20:32:14.631] [INFO] /Users/pz/Documents/nodejs/express/c2/app.js - 载入/controllers 下控制器 完成..
[2016-02-01 20:32:14.640] [INFO] /Users/pz/Documents/nodejs/express/c2/app.js - Web 服务器启动监听  端口3001 启动时间:234 ms
[2016-02-01 20:32:14.651] [INFO] /Users/pz/Documents/nodejs/express/c2/core/utils/pool/redis/redisPool.js - 连接Redis 数据库 0 成功 ,配置 {"SERVER":"127.0.0.1","PORT":"6379","PASSWORD":"","POOLSIZE":10,"DB":0,"TTL":11}
[2016-02-01 20:32:14.653] [INFO] /Users/pz/Documents/nodejs/express/c2/core/utils/pool/mysql/mysqlPool.js - show tables
[2016-02-01 20:32:14.658] [INFO] /Users/pz/Documents/nodejs/express/c2/app.js - MYSQL 连接成功
[2016-02-01 20:32:16.764] [INFO] /Users/pz/Documents/nodejs/express/c2/core/utils/pool/mysql/mysqlPool.js - SELECT * FROM content ORDER BY id DESC
[2016-02-01 20:32:16.780] [INFO] normal - GET /cm/list
[2016-02-01 20:32:16.804] [INFO] normal - GET /favicon.ico
[2016-02-01 20:33:43.435] [INFO] /Users/pz/Documents/nodejs/express/c2/app.js - 载入入口依赖库完成..
[2016-02-01 20:33:43.461] [INFO] /Users/pz/Documents/nodejs/express/c2/app.js - 配置中静态目录信息载入完毕..
[2016-02-01 20:33:43.476] [INFO] /Users/pz/Documents/nodejs/express/c2/core/utils/controller/controllerEnter.js - 方法:get 路径:/user/show
[2016-02-01 20:33:43.477] [INFO] /Users/pz/Documents/nodejs/express/c2/core/utils/controller/controllerEnter.js - 方法:get 路径:/show
[2016-02-01 20:33:43.477] [INFO] /Users/pz/Documents/nodejs/express/c2/core/utils/controller/controllerEnter.js - 方法:post 路径:/uploads
[2016-02-01 20:33:43.479] [INFO] /Users/pz/Documents/nodejs/express/c2/core/utils/controller/controllerEnter.js - 方法:get 路径:/cm/list
[2016-02-01 20:33:43.480] [INFO] /Users/pz/Documents/nodejs/express/c2/core/utils/controller/controllerEnter.js - 方法:post 路径:/test/fun1
[2016-02-01 20:33:43.480] [INFO] /Users/pz/Documents/nodejs/express/c2/core/utils/controller/controllerEnter.js - 方法:get 路径:/test/fun2
[2016-02-01 20:33:43.480] [INFO] /Users/pz/Documents/nodejs/express/c2/app.js - 载入/controllers 下控制器 完成..
[2016-02-01 20:33:43.490] [INFO] /Users/pz/Documents/nodejs/express/c2/app.js - Web 服务器启动监听  端口3001 启动时间:240 ms
[2016-02-01 20:33:43.504] [INFO] /Users/pz/Documents/nodejs/express/c2/core/utils/pool/redis/redisPool.js - 连接Redis 数据库 0 成功 ,配置 {"SERVER":"127.0.0.1","PORT":"6379","PASSWORD":"","POOLSIZE":10,"DB":0,"TTL":11}
[2016-02-01 20:33:43.506] [INFO] /Users/pz/Documents/nodejs/express/c2/core/utils/pool/mysql/mysqlPool.js - show tables
[2016-02-01 20:33:43.510] [INFO] /Users/pz/Documents/nodejs/express/c2/app.js - MYSQL 连接成功
[2016-02-01 20:33:45.497] [INFO] /Users/pz/Documents/nodejs/express/c2/core/utils/pool/mysql/mysqlPool.js - SELECT * FROM content ORDER BY id DESC
[2016-02-01 20:33:45.510] [INFO] normal - GET /cm/list
[2016-02-01 20:33:45.607] [INFO] normal - GET /favicon.ico
[2016-02-01 20:33:47.357] [INFO] /Users/pz/Documents/nodejs/express/c2/core/utils/pool/mysql/mysqlPool.js - SELECT * FROM content ORDER BY id DESC
[2016-02-01 20:33:47.362] [INFO] normal - GET /cm/list
[2016-02-01 20:33:47.451] [INFO] normal - GET /favicon.ico
[2016-02-01 20:33:47.989] [INFO] /Users/pz/Documents/nodejs/express/c2/core/utils/pool/mysql/mysqlPool.js - SELECT * FROM content ORDER BY id DESC
[2016-02-01 20:33:47.991] [INFO] normal - GET /cm/list
[2016-02-01 20:33:48.082] [INFO] normal - GET /favicon.ico
[2016-02-01 20:33:48.621] [INFO] /Users/pz/Documents/nodejs/express/c2/core/utils/pool/mysql/mysqlPool.js - SELECT * FROM content ORDER BY id DESC
[2016-02-01 20:33:48.623] [INFO] normal - GET /cm/list
[2016-02-01 20:33:48.715] [INFO] normal - GET /favicon.ico
[2016-02-01 20:37:30.064] [INFO] /Users/pz/Documents/nodejs/express/c2/app.js - 载入入口依赖库完成..
[2016-02-01 20:37:30.091] [INFO] /Users/pz/Documents/nodejs/express/c2/app.js - 配置中静态目录信息载入完毕..
[2016-02-01 20:37:30.113] [INFO] /Users/pz/Documents/nodejs/express/c2/core/utils/controller/controllerEnter.js - 方法:get 路径:/user/show
[2016-02-01 20:37:30.114] [INFO] /Users/pz/Documents/nodejs/express/c2/core/utils/controller/controllerEnter.js - 方法:get 路径:/show
[2016-02-01 20:37:30.115] [INFO] /Users/pz/Documents/nodejs/express/c2/core/utils/controller/controllerEnter.js - 方法:post 路径:/uploads
[2016-02-01 20:37:30.116] [INFO] /Users/pz/Documents/nodejs/express/c2/core/utils/controller/controllerEnter.js - 方法:get 路径:/cm/list
[2016-02-01 20:37:30.117] [INFO] /Users/pz/Documents/nodejs/express/c2/core/utils/controller/controllerEnter.js - 方法:post 路径:/test/fun1
[2016-02-01 20:37:30.117] [INFO] /Users/pz/Documents/nodejs/express/c2/core/utils/controller/controllerEnter.js - 方法:get 路径:/test/fun2
[2016-02-01 20:37:30.118] [INFO] /Users/pz/Documents/nodejs/express/c2/app.js - 载入/controllers 下控制器 完成..
[2016-02-01 20:37:30.130] [INFO] /Users/pz/Documents/nodejs/express/c2/app.js - Web 服务器启动监听  端口3001 启动时间:300 ms
[2016-02-01 20:37:30.144] [INFO] /Users/pz/Documents/nodejs/express/c2/core/utils/pool/redis/redisPool.js - 连接Redis 数据库 0 成功 ,配置 {"SERVER":"127.0.0.1","PORT":"6379","PASSWORD":"","POOLSIZE":10,"DB":0,"TTL":11}
[2016-02-01 20:37:30.146] [INFO] /Users/pz/Documents/nodejs/express/c2/core/utils/pool/mysql/mysqlPool.js - show tables
[2016-02-01 20:37:30.153] [INFO] /Users/pz/Documents/nodejs/express/c2/app.js - MYSQL 连接成功
[2016-02-01 20:37:33.699] [INFO] /Users/pz/Documents/nodejs/express/c2/core/utils/pool/mysql/mysqlPool.js - SELECT * FROM content ORDER BY id DESC
[2016-02-01 20:37:33.714] [INFO] normal - GET /cm/list
[2016-02-01 20:37:33.797] [INFO] normal - GET /favicon.ico
[2016-02-01 20:37:54.663] [INFO] /Users/pz/Documents/nodejs/express/c2/app.js - 载入入口依赖库完成..
[2016-02-01 20:37:54.689] [INFO] /Users/pz/Documents/nodejs/express/c2/app.js - 配置中静态目录信息载入完毕..
[2016-02-01 20:37:54.703] [INFO] /Users/pz/Documents/nodejs/express/c2/core/utils/controller/controllerEnter.js - 方法:get 路径:/user/show
[2016-02-01 20:37:54.704] [INFO] /Users/pz/Documents/nodejs/express/c2/core/utils/controller/controllerEnter.js - 方法:get 路径:/show
[2016-02-01 20:37:54.705] [INFO] /Users/pz/Documents/nodejs/express/c2/core/utils/controller/controllerEnter.js - 方法:post 路径:/uploads
[2016-02-01 20:37:54.706] [INFO] /Users/pz/Documents/nodejs/express/c2/core/utils/controller/controllerEnter.js - 方法:get 路径:/cm/list
[2016-02-01 20:37:54.707] [INFO] /Users/pz/Documents/nodejs/express/c2/core/utils/controller/controllerEnter.js - 方法:post 路径:/test/fun1
[2016-02-01 20:37:54.707] [INFO] /Users/pz/Documents/nodejs/express/c2/core/utils/controller/controllerEnter.js - 方法:get 路径:/test/fun2
[2016-02-01 20:37:54.707] [INFO] /Users/pz/Documents/nodejs/express/c2/app.js - 载入/controllers 下控制器 完成..
[2016-02-01 20:37:54.717] [INFO] /Users/pz/Documents/nodejs/express/c2/app.js - Web 服务器启动监听  端口3001 启动时间:242 ms
[2016-02-01 20:37:54.728] [INFO] /Users/pz/Documents/nodejs/express/c2/core/utils/pool/redis/redisPool.js - 连接Redis 数据库 0 成功 ,配置 {"SERVER":"127.0.0.1","PORT":"6379","PASSWORD":"","POOLSIZE":10,"DB":0,"TTL":11}
[2016-02-01 20:37:54.730] [INFO] /Users/pz/Documents/nodejs/express/c2/core/utils/pool/mysql/mysqlPool.js - show tables
[2016-02-01 20:37:54.737] [INFO] /Users/pz/Documents/nodejs/express/c2/app.js - MYSQL 连接成功
[2016-02-01 20:37:57.185] [INFO] /Users/pz/Documents/nodejs/express/c2/core/utils/pool/mysql/mysqlPool.js - SELECT * FROM content ORDER BY id DESC
[2016-02-01 20:37:57.202] [INFO] normal - GET /cm/list
[2016-02-01 20:37:57.283] [INFO] normal - GET /favicon.ico
[2016-02-01 20:42:05.956] [INFO] /Users/pz/Documents/nodejs/express/c2/core/utils/pool/mysql/mysqlPool.js - SELECT * FROM content ORDER BY id DESC
[2016-02-01 20:42:05.959] [INFO] normal - GET /cm/list
[2016-02-01 20:42:06.062] [INFO] normal - GET /favicon.ico
[2016-02-01 20:42:22.648] [INFO] /Users/pz/Documents/nodejs/express/c2/core/utils/pool/mysql/mysqlPool.js - SELECT * FROM content ORDER BY id DESC
[2016-02-01 20:42:22.650] [INFO] normal - GET /cm/list
[2016-02-01 20:42:22.727] [INFO] normal - GET /favicon.ico
[2016-02-01 20:42:51.530] [INFO] /Users/pz/Documents/nodejs/express/c2/core/utils/pool/mysql/mysqlPool.js - SELECT * FROM content ORDER BY id DESC
[2016-02-01 20:42:51.533] [INFO] normal - GET /cm/list
[2016-02-01 20:42:51.558] [INFO] normal - GET /favicon.ico
[2016-02-01 20:42:52.455] [INFO] /Users/pz/Documents/nodejs/express/c2/core/utils/pool/mysql/mysqlPool.js - SELECT * FROM content ORDER BY id DESC
[2016-02-01 20:42:52.459] [INFO] normal - GET /cm/list
[2016-02-01 20:42:52.482] [INFO] normal - GET /favicon.ico
[2016-02-01 20:42:53.030] [INFO] /Users/pz/Documents/nodejs/express/c2/core/utils/pool/mysql/mysqlPool.js - SELECT * FROM content ORDER BY id DESC
[2016-02-01 20:42:53.033] [INFO] normal - GET /cm/list
[2016-02-01 20:42:53.053] [INFO] normal - GET /favicon.ico
[2016-02-01 20:42:53.218] [INFO] /Users/pz/Documents/nodejs/express/c2/core/utils/pool/mysql/mysqlPool.js - SELECT * FROM content ORDER BY id DESC
[2016-02-01 20:42:53.220] [INFO] normal - GET /cm/list
[2016-02-01 20:42:53.237] [INFO] normal - GET /favicon.ico
[2016-02-01 20:42:59.288] [INFO] /Users/pz/Documents/nodejs/express/c2/core/utils/pool/mysql/mysqlPool.js - SELECT * FROM content ORDER BY id DESC
[2016-02-01 20:42:59.295] [INFO] normal - GET /cm/list
[2016-02-01 20:42:59.317] [INFO] normal - GET /favicon.ico
[2016-02-01 20:43:04.366] [INFO] /Users/pz/Documents/nodejs/express/c2/core/utils/pool/mysql/mysqlPool.js - SELECT * FROM content ORDER BY id DESC
[2016-02-01 20:43:04.368] [INFO] normal - GET /cm/list
[2016-02-01 20:43:04.448] [INFO] normal - GET /favicon.ico
[2016-02-01 20:43:29.467] [INFO] /Users/pz/Documents/nodejs/express/c2/app.js - 载入入口依赖库完成..
[2016-02-01 20:43:29.493] [INFO] /Users/pz/Documents/nodejs/express/c2/app.js - 配置中静态目录信息载入完毕..
[2016-02-01 20:43:29.505] [INFO] /Users/pz/Documents/nodejs/express/c2/core/utils/controller/controllerEnter.js - 方法:get 路径:/user/show
[2016-02-01 20:43:29.508] [INFO] /Users/pz/Documents/nodejs/express/c2/core/utils/controller/controllerEnter.js - 方法:get 路径:/show
[2016-02-01 20:43:29.508] [INFO] /Users/pz/Documents/nodejs/express/c2/core/utils/controller/controllerEnter.js - 方法:post 路径:/uploads
[2016-02-01 20:43:29.509] [INFO] /Users/pz/Documents/nodejs/express/c2/core/utils/controller/controllerEnter.js - 方法:get 路径:/cm/list
[2016-02-01 20:43:29.511] [INFO] /Users/pz/Documents/nodejs/express/c2/core/utils/controller/controllerEnter.js - 方法:post 路径:/test/fun1
[2016-02-01 20:43:29.511] [INFO] /Users/pz/Documents/nodejs/express/c2/core/utils/controller/controllerEnter.js - 方法:get 路径:/test/fun2
[2016-02-01 20:43:29.511] [INFO] /Users/pz/Documents/nodejs/express/c2/app.js - 载入/controllers 下控制器 完成..
[2016-02-01 20:43:29.524] [INFO] /Users/pz/Documents/nodejs/express/c2/app.js - Web 服务器启动监听  端口3001 启动时间:244 ms
[2016-02-01 20:43:29.538] [INFO] /Users/pz/Documents/nodejs/express/c2/core/utils/pool/redis/redisPool.js - 连接Redis 数据库 0 成功 ,配置 {"SERVER":"127.0.0.1","PORT":"6379","PASSWORD":"","POOLSIZE":10,"DB":0,"TTL":11}
[2016-02-01 20:43:29.541] [INFO] /Users/pz/Documents/nodejs/express/c2/core/utils/pool/mysql/mysqlPool.js - show tables
[2016-02-01 20:43:29.551] [INFO] /Users/pz/Documents/nodejs/express/c2/app.js - MYSQL 连接成功
[2016-02-01 20:43:30.651] [INFO] /Users/pz/Documents/nodejs/express/c2/core/utils/pool/mysql/mysqlPool.js - SELECT * FROM content ORDER BY id DESC
[2016-02-01 20:43:30.664] [INFO] normal - GET /cm/list
[2016-02-01 20:43:30.691] [INFO] normal - GET /favicon.ico
[2016-02-01 20:43:54.437] [INFO] /Users/pz/Documents/nodejs/express/c2/app.js - 载入入口依赖库完成..
[2016-02-01 20:43:54.462] [INFO] /Users/pz/Documents/nodejs/express/c2/app.js - 配置中静态目录信息载入完毕..
[2016-02-01 20:43:54.474] [INFO] /Users/pz/Documents/nodejs/express/c2/core/utils/controller/controllerEnter.js - 方法:get 路径:/user/show
[2016-02-01 20:43:54.476] [INFO] /Users/pz/Documents/nodejs/express/c2/core/utils/controller/controllerEnter.js - 方法:get 路径:/show
[2016-02-01 20:43:54.477] [INFO] /Users/pz/Documents/nodejs/express/c2/core/utils/controller/controllerEnter.js - 方法:post 路径:/uploads
[2016-02-01 20:43:54.478] [INFO] /Users/pz/Documents/nodejs/express/c2/core/utils/controller/controllerEnter.js - 方法:get 路径:/cm/list
[2016-02-01 20:43:54.479] [INFO] /Users/pz/Documents/nodejs/express/c2/core/utils/controller/controllerEnter.js - 方法:post 路径:/test/fun1
[2016-02-01 20:43:54.479] [INFO] /Users/pz/Documents/nodejs/express/c2/core/utils/controller/controllerEnter.js - 方法:get 路径:/test/fun2
[2016-02-01 20:43:54.479] [INFO] /Users/pz/Documents/nodejs/express/c2/app.js - 载入/controllers 下控制器 完成..
[2016-02-01 20:43:54.489] [INFO] /Users/pz/Documents/nodejs/express/c2/app.js - Web 服务器启动监听  端口3001 启动时间:241 ms
[2016-02-01 20:43:54.499] [INFO] /Users/pz/Documents/nodejs/express/c2/core/utils/pool/redis/redisPool.js - 连接Redis 数据库 0 成功 ,配置 {"SERVER":"127.0.0.1","PORT":"6379","PASSWORD":"","POOLSIZE":10,"DB":0,"TTL":11}
[2016-02-01 20:43:54.501] [INFO] /Users/pz/Documents/nodejs/express/c2/core/utils/pool/mysql/mysqlPool.js - show tables
[2016-02-01 20:43:54.505] [INFO] /Users/pz/Documents/nodejs/express/c2/app.js - MYSQL 连接成功
[2016-02-01 20:43:56.439] [INFO] /Users/pz/Documents/nodejs/express/c2/core/utils/pool/mysql/mysqlPool.js - SELECT * FROM content ORDER BY id DESC
[2016-02-01 20:43:56.453] [INFO] normal - GET /cm/list
[2016-02-01 20:43:56.476] [INFO] normal - GET /favicon.ico
[2016-02-01 20:45:45.764] [INFO] /Users/pz/Documents/nodejs/express/c2/app.js - 载入入口依赖库完成..
[2016-02-01 20:45:45.790] [INFO] /Users/pz/Documents/nodejs/express/c2/app.js - 配置中静态目录信息载入完毕..
[2016-02-01 20:45:45.805] [INFO] /Users/pz/Documents/nodejs/express/c2/core/utils/controller/controllerEnter.js - 方法:get 路径:/user/show
[2016-02-01 20:45:45.806] [INFO] /Users/pz/Documents/nodejs/express/c2/core/utils/controller/controllerEnter.js - 方法:get 路径:/show
[2016-02-01 20:45:45.806] [INFO] /Users/pz/Documents/nodejs/express/c2/core/utils/controller/controllerEnter.js - 方法:post 路径:/uploads
[2016-02-01 20:45:45.808] [INFO] /Users/pz/Documents/nodejs/express/c2/core/utils/controller/controllerEnter.js - 方法:get 路径:/cm/list
[2016-02-01 20:45:45.809] [INFO] /Users/pz/Documents/nodejs/express/c2/core/utils/controller/controllerEnter.js - 方法:post 路径:/test/fun1
[2016-02-01 20:45:45.809] [INFO] /Users/pz/Documents/nodejs/express/c2/core/utils/controller/controllerEnter.js - 方法:get 路径:/test/fun2
[2016-02-01 20:45:45.809] [INFO] /Users/pz/Documents/nodejs/express/c2/app.js - 载入/controllers 下控制器 完成..
[2016-02-01 20:45:45.821] [INFO] /Users/pz/Documents/nodejs/express/c2/app.js - Web 服务器启动监听  端口3001 启动时间:242 ms
[2016-02-01 20:45:45.832] [INFO] /Users/pz/Documents/nodejs/express/c2/core/utils/pool/redis/redisPool.js - 连接Redis 数据库 0 成功 ,配置 {"SERVER":"127.0.0.1","PORT":"6379","PASSWORD":"","POOLSIZE":10,"DB":0,"TTL":11}
[2016-02-01 20:45:45.834] [INFO] /Users/pz/Documents/nodejs/express/c2/core/utils/pool/mysql/mysqlPool.js - show tables
[2016-02-01 20:45:45.841] [INFO] /Users/pz/Documents/nodejs/express/c2/app.js - MYSQL 连接成功
[2016-02-01 20:45:48.028] [INFO] /Users/pz/Documents/nodejs/express/c2/core/utils/pool/mysql/mysqlPool.js - SELECT * FROM content ORDER BY id DESC
[2016-02-01 20:45:48.043] [INFO] normal - GET /cm/list
[2016-02-01 20:45:48.069] [INFO] normal - GET /favicon.ico
[2016-02-01 20:49:42.007] [INFO] /Users/pz/Documents/nodejs/express/c2/app.js - 载入入口依赖库完成..
[2016-02-01 20:49:42.034] [INFO] /Users/pz/Documents/nodejs/express/c2/app.js - 配置中静态目录信息载入完毕..
[2016-02-01 20:49:42.048] [INFO] /Users/pz/Documents/nodejs/express/c2/core/utils/controller/controllerEnter.js - 方法:get 路径:/user/show
[2016-02-01 20:49:42.049] [INFO] /Users/pz/Documents/nodejs/express/c2/core/utils/controller/controllerEnter.js - 方法:get 路径:/show
[2016-02-01 20:49:42.049] [INFO] /Users/pz/Documents/nodejs/express/c2/core/utils/controller/controllerEnter.js - 方法:post 路径:/uploads
[2016-02-01 20:49:42.050] [INFO] /Users/pz/Documents/nodejs/express/c2/core/utils/controller/controllerEnter.js - 方法:get 路径:/cm/list
[2016-02-01 20:49:42.051] [INFO] /Users/pz/Documents/nodejs/express/c2/core/utils/controller/controllerEnter.js - 方法:post 路径:/test/fun1
[2016-02-01 20:49:42.051] [INFO] /Users/pz/Documents/nodejs/express/c2/core/utils/controller/controllerEnter.js - 方法:get 路径:/test/fun2
[2016-02-01 20:49:42.052] [INFO] /Users/pz/Documents/nodejs/express/c2/app.js - 载入/controllers 下控制器 完成..
[2016-02-01 20:49:42.062] [INFO] /Users/pz/Documents/nodejs/express/c2/app.js - Web 服务器启动监听  端口3001 启动时间:242 ms
[2016-02-01 20:49:42.071] [INFO] /Users/pz/Documents/nodejs/express/c2/core/utils/pool/redis/redisPool.js - 连接Redis 数据库 0 成功 ,配置 {"SERVER":"127.0.0.1","PORT":"6379","PASSWORD":"","POOLSIZE":10,"DB":0,"TTL":11}
[2016-02-01 20:49:42.073] [INFO] /Users/pz/Documents/nodejs/express/c2/core/utils/pool/mysql/mysqlPool.js - show tables
[2016-02-01 20:49:42.078] [INFO] /Users/pz/Documents/nodejs/express/c2/app.js - MYSQL 连接成功
[2016-02-01 20:49:44.950] [INFO] /Users/pz/Documents/nodejs/express/c2/core/utils/pool/mysql/mysqlPool.js - SELECT * FROM content ORDER BY id DESC
[2016-02-01 20:49:44.963] [INFO] normal - GET /cm/list
[2016-02-01 20:49:44.989] [INFO] normal - GET /favicon.ico
[2016-02-01 20:50:24.906] [INFO] normal - GET /static
[2016-02-01 20:50:24.918] [INFO] normal - GET /static/
[2016-02-01 20:50:24.924] [INFO] normal - GET /static/jquery.js
[2016-02-01 20:50:25.000] [INFO] /Users/pz/Documents/nodejs/express/c2/core/utils/pool/mysql/mysqlPool.js - SELECT * FROM content ORDER BY id DESC
[2016-02-01 20:50:25.008] [INFO] normal - GET /cm/list
[2016-02-01 20:50:25.032] [INFO] normal - GET /favicon.ico
[2016-02-01 20:50:31.018] [INFO] normal - GET /static/
[2016-02-01 20:50:31.031] [INFO] normal - GET /static/jquery.js
[2016-02-01 20:50:31.106] [INFO] /Users/pz/Documents/nodejs/express/c2/core/utils/pool/mysql/mysqlPool.js - SELECT * FROM content ORDER BY id DESC
[2016-02-01 20:50:31.111] [INFO] normal - GET /cm/list
[2016-02-01 20:50:31.117] [INFO] normal - GET /favicon.ico
[2016-02-01 20:50:33.988] [INFO] normal - GET /static/
[2016-02-01 20:50:33.999] [INFO] normal - GET /static/jquery.js
[2016-02-01 20:50:34.053] [INFO] /Users/pz/Documents/nodejs/express/c2/core/utils/pool/mysql/mysqlPool.js - SELECT * FROM content ORDER BY id DESC
[2016-02-01 20:50:34.065] [INFO] normal - GET /cm/list
[2016-02-01 20:50:34.082] [INFO] normal - GET /favicon.ico
[2016-02-01 20:50:48.765] [INFO] normal - GET /static/
[2016-02-01 20:50:48.784] [INFO] normal - GET /static/jquery.js
[2016-02-01 20:50:48.848] [INFO] /Users/pz/Documents/nodejs/express/c2/core/utils/pool/mysql/mysqlPool.js - SELECT * FROM content ORDER BY id DESC
[2016-02-01 20:50:48.853] [INFO] normal - GET /cm/list
[2016-02-01 20:50:48.858] [INFO] normal - GET /favicon.ico
[2016-02-01 20:51:03.428] [INFO] normal - GET /static/
[2016-02-01 20:51:03.447] [INFO] normal - GET /static/jquery.js
[2016-02-01 20:51:03.522] [INFO] /Users/pz/Documents/nodejs/express/c2/core/utils/pool/mysql/mysqlPool.js - SELECT * FROM content ORDER BY id DESC
[2016-02-01 20:51:03.529] [INFO] normal - GET /cm/list
[2016-02-01 20:51:03.535] [INFO] normal - GET /favicon.ico
[2016-02-01 20:51:23.479] [INFO] normal - GET /static/
[2016-02-01 20:51:23.508] [INFO] normal - GET /static/jquery.js
[2016-02-01 20:51:23.584] [INFO] /Users/pz/Documents/nodejs/express/c2/core/utils/pool/mysql/mysqlPool.js - SELECT * FROM content ORDER BY id DESC
[2016-02-01 20:51:23.592] [INFO] normal - GET /cm/list
[2016-02-01 20:51:23.594] [INFO] normal - GET /favicon.ico
[2016-02-01 20:51:47.806] [INFO] normal - GET /static/
[2016-02-01 20:51:47.825] [INFO] normal - GET /static/jquery.js
[2016-02-01 20:51:47.892] [INFO] /Users/pz/Documents/nodejs/express/c2/core/utils/pool/mysql/mysqlPool.js - SELECT * FROM content ORDER BY id DESC
[2016-02-01 20:51:47.904] [INFO] normal - GET /cm/list
[2016-02-01 20:51:47.906] [INFO] normal - GET /favicon.ico
[2016-02-01 20:52:30.645] [INFO] normal - GET /static/
[2016-02-01 20:52:30.665] [INFO] normal - GET /static/jquery.js
[2016-02-01 20:52:30.723] [INFO] /Users/pz/Documents/nodejs/express/c2/core/utils/pool/mysql/mysqlPool.js - SELECT * FROM content ORDER BY id DESC
[2016-02-01 20:52:30.729] [INFO] normal - GET /cm/list
[2016-02-01 20:52:30.751] [INFO] normal - GET /favicon.ico
[2016-02-01 21:07:21.985] [INFO] /Users/pz/Documents/nodejs/express/c2/core/utils/pool/mysql/mysqlPool.js - SELECT * FROM content ORDER BY id DESC
[2016-02-01 21:07:21.989] [INFO] normal - GET /cm/list
[2016-02-01 21:07:22.012] [INFO] normal - GET /favicon.ico
[2016-02-01 21:07:23.478] [INFO] /Users/pz/Documents/nodejs/express/c2/core/utils/pool/mysql/mysqlPool.js - SELECT * FROM content ORDER BY id DESC
[2016-02-01 21:07:23.480] [INFO] normal - GET /cm/list
[2016-02-01 21:07:23.502] [INFO] normal - GET /favicon.ico
[2016-02-01 21:07:23.895] [INFO] /Users/pz/Documents/nodejs/express/c2/core/utils/pool/mysql/mysqlPool.js - SELECT * FROM content ORDER BY id DESC
[2016-02-01 21:07:23.898] [INFO] normal - GET /cm/list
[2016-02-01 21:07:23.921] [INFO] normal - GET /favicon.ico
[2016-02-01 21:07:27.270] [INFO] /Users/pz/Documents/nodejs/express/c2/core/utils/pool/mysql/mysqlPool.js - SELECT * FROM content ORDER BY id DESC
[2016-02-01 21:07:27.272] [INFO] normal - GET /cm/list
[2016-02-01 21:07:27.295] [INFO] normal - GET /favicon.ico
[2016-02-01 21:07:28.929] [INFO] normal - GET /static/
[2016-02-01 21:07:28.963] [INFO] normal - GET /static/jquery.js
[2016-02-01 21:07:29.050] [INFO] /Users/pz/Documents/nodejs/express/c2/core/utils/pool/mysql/mysqlPool.js - SELECT * FROM content ORDER BY id DESC
[2016-02-01 21:07:29.055] [INFO] normal - GET /cm/list
[2016-02-01 21:07:29.090] [INFO] normal - GET /favicon.ico
[2016-02-01 21:09:53.512] [INFO] normal - GET /static/
[2016-02-01 21:09:53.534] [INFO] normal - GET /static/jquery.js
[2016-02-01 21:09:53.594] [INFO] /Users/pz/Documents/nodejs/express/c2/core/utils/pool/mysql/mysqlPool.js - SELECT * FROM content ORDER BY id DESC
[2016-02-01 21:09:53.598] [INFO] normal - GET /cm/list
[2016-02-01 21:09:53.616] [INFO] normal - GET /favicon.ico
[2016-02-01 21:11:49.539] [INFO] normal - GET /static/
[2016-02-01 21:11:49.574] [INFO] normal - GET /static/jquery.js
[2016-02-01 21:11:49.646] [INFO] /Users/pz/Documents/nodejs/express/c2/core/utils/pool/mysql/mysqlPool.js - SELECT * FROM content ORDER BY id DESC
[2016-02-01 21:11:49.653] [INFO] normal - GET /cm/list
[2016-02-01 21:11:49.678] [INFO] normal - GET /favicon.ico
[2016-02-01 21:11:57.826] [INFO] /Users/pz/Documents/nodejs/express/c2/core/utils/pool/mysql/mysqlPool.js - SELECT * FROM content ORDER BY id DESC
[2016-02-01 21:11:57.830] [INFO] normal - GET /cm/list
[2016-02-01 21:11:57.848] [INFO] normal - GET /favicon.ico
[2016-02-01 21:49:19.881] [INFO] normal - GET /static/
[2016-02-01 21:49:19.898] [INFO] normal - GET /static/jquery.js
[2016-02-01 21:49:19.955] [INFO] /Users/pz/Documents/nodejs/express/c2/core/utils/pool/mysql/mysqlPool.js - SELECT * FROM content ORDER BY id DESC
[2016-02-01 21:49:19.960] [INFO] normal - GET /cm/list
[2016-02-01 21:49:19.965] [INFO] normal - GET /favicon.ico
